24.0365 	EXP 	Created window1 = Window(allowGUI=False, allowStencil=False, autoLog=True, backendConf=UNKNOWN, bitsMode=UNKNOWN, blendMode='avg', bpc=(8, 8, 8), color=array([-0.451 ,  0.0196,  0.4118]), colorSpace='rgb', depthBits=8, fullscr=<method-wrapper '__getattribute__' of attributeSetter object at 0x0000021957130F10>, gamma=None, gammaErrorPolicy='raise', lms=UNKNOWN, monitor=<psychopy.monitors.calibTools.Monitor object at 0x00000219598668E0>, multiSample=False, name='window1', numSamples=2, pos=(0, 0), screen=0, size=array([1920, 1080]), stencilBits=0, stereo=False, units='height', useFBO=True, useRetina=False, viewOri=0.0, viewPos=None, viewScale=None, waitBlanking=True, winType='pyglet')
24.0366 	EXP 	window1: mouseVisible = True
24.0483 	WARNING 	launchHubServer: If using the iohub mouse or eyetracker devices, fullScr should be True.
25.2541 	EXP 	Created instr_txt = TextStim(__class__=<class 'psychopy.visual.text.TextStim'>, alignHoriz=method-wrapper(...), alignText='center', alignVert=method-wrapper(...), anchorHoriz='center', anchorVert='center', antialias=True, autoDraw=False, autoLog=True, bold=False, color=array([1, 1, 1]), colorSpace='rgb', contrast=1.0, depth=0.0, flipHoriz=False, flipVert=False, font='Open Sans', fontFiles=[], height=0.05, italic=False, languageStyle='LTR', name='instr_txt', opacity=1.0, ori=0.0, pos=array([0.  , 0.15]), rgb=UNKNOWN, text=str(...), units='height', win=Window(...), wrapWidth=1.8)
25.2542 	EXP 	window1: mouseVisible = True
25.2586 	EXP 	Created nextButton_instruct = ImageStim(__class__=<class 'psychopy.visual.image.ImageStim'>, anchor=('center', 'center'), autoLog=True, color=array([1, 1, 1]), colorSpace='rgb', contrast=1.0, depth=-2.0, flipHoriz=False, flipVert=False, image='next.png', interpolate=True, mask=None, maskParams=None, name='nextButton_instruct', opacity=1.0, ori=0.0, pos=array([ 0. , -0.4]), size=array([0.15 , 0.075]), texRes=128.0, units='height', win=Window(...))
25.2646 	EXP 	Created practiceReadyTxt = TextStim(__class__=<class 'psychopy.visual.text.TextStim'>, alignHoriz=method-wrapper(...), alignText='center', alignVert=method-wrapper(...), anchorHoriz='center', anchorVert='center', antialias=True, autoDraw=False, autoLog=True, bold=False, color=array([1, 1, 1]), colorSpace='rgb', contrast=1.0, depth=0.0, flipHoriz=False, flipVert=False, font='Open Sans', fontFiles=[], height=0.05, italic=False, languageStyle='LTR', name='practiceReadyTxt', opacity=1.0, ori=0.0, pos=array([0.  , 0.15]), rgb=UNKNOWN, text=str(...), units='height', win=Window(...), wrapWidth=1)
25.2647 	EXP 	window1: mouseVisible = True
25.2684 	EXP 	Created nextButton_R1B = ImageStim(__class__=<class 'psychopy.visual.image.ImageStim'>, anchor=('center', 'center'), autoLog=True, color=array([1, 1, 1]), colorSpace='rgb', contrast=1.0, depth=-2.0, flipHoriz=False, flipVert=False, image='next.png', interpolate=True, mask=None, maskParams=None, name='nextButton_R1B', opacity=1.0, ori=0.0, pos=array([ 0. , -0.4]), size=array([0.15 , 0.075]), texRes=128.0, units='height', win=Window(...))
25.3169 	EXP 	Created valence = TextStim(__class__=<class 'psychopy.visual.text.TextStim'>, alignHoriz=method-wrapper(...), alignText='center', alignVert=method-wrapper(...), anchorHoriz='center', anchorVert='center', antialias=True, autoDraw=False, autoLog=True, bold=False, color=array([1, 1, 1]), colorSpace='rgb', contrast=1.0, depth=-1.0, flipHoriz=False, flipVert=False, font='Open Sans', fontFiles=[], height=0.04, italic=False, languageStyle='LTR', name='valence', opacity=1.0, ori=0.0, pos=array([0.  , 0.28]), rgb=UNKNOWN, text='How positive/negative is your current emotion?', units='height', win=Window(...), wrapWidth=1)
25.3199 	EXP 	window1: mouseVisible = True
25.3842 	EXP 	Created valenceResp = Slider(__class__=<class 'psychopy.visual.slider.Slider'>, autoDraw=False, autoLog=True, borderColor=None, color=None, colorSpace='rgb', depth=-2, fillColor=None, flip=False, font='Open Sans', granularity=0.0, labelColor=None, labelHeight=0.025, labelWrapWidth=None, labels=('Very negative', 'Neutral', 'Very positive'), lineColor=None, markerColor=None, name='valenceResp', opacity=None, ori=0.0, pos=array([0.  , 0.18]), readOnly=False, self=UNKNOWN, size=array([1.  , 0.04]), startValue=None, style='rating', styleTweaks=[], ticks=ndarray(...), units='height', win=Window(...))
25.3867 	EXP 	Created arousal = TextStim(__class__=<class 'psychopy.visual.text.TextStim'>, alignHoriz=method-wrapper(...), alignText='center', alignVert=method-wrapper(...), anchorHoriz='center', anchorVert='center', antialias=True, autoDraw=False, autoLog=True, bold=False, color=array([1, 1, 1]), colorSpace='rgb', contrast=1.0, depth=-3.0, flipHoriz=False, flipVert=False, font='Open Sans', fontFiles=[], height=0.04, italic=False, languageStyle='LTR', name='arousal', opacity=1.0, ori=0.0, pos=array([0.  , 0.06]), rgb=UNKNOWN, text='How active/passive is your current emotion?', units='height', win=Window(...), wrapWidth=1)
25.3879 	EXP 	window1: mouseVisible = True
25.4229 	EXP 	Created arousalResp = Slider(__class__=<class 'psychopy.visual.slider.Slider'>, autoDraw=False, autoLog=True, borderColor=None, color=None, colorSpace='rgb', depth=-4, fillColor=None, flip=False, font='Open Sans', granularity=0.0, labelColor=None, labelHeight=0.025, labelWrapWidth=None, labels=('Very passive', 'Neutral', 'Very active'), lineColor=None, markerColor=None, name='arousalResp', opacity=None, ori=0.0, pos=array([ 0.  , -0.04]), readOnly=False, self=UNKNOWN, size=array([1.  , 0.04]), startValue=None, style='rating', styleTweaks=[], ticks=ndarray(...), units='height', win=Window(...))
25.4268 	EXP 	Created dominance = TextStim(__class__=<class 'psychopy.visual.text.TextStim'>, alignHoriz=method-wrapper(...), alignText='center', alignVert=method-wrapper(...), anchorHoriz='center', anchorVert='center', antialias=True, autoDraw=False, autoLog=True, bold=False, color=array([1, 1, 1]), colorSpace='rgb', contrast=1.0, depth=-5.0, flipHoriz=False, flipVert=False, font='Open Sans', fontFiles=[], height=0.04, italic=False, languageStyle='LTR', name='dominance', opacity=1.0, ori=0.0, pos=array([ 0.  , -0.16]), rgb=UNKNOWN, text=str(...), units='height', win=Window(...), wrapWidth=1)
25.4285 	EXP 	window1: mouseVisible = True
25.4681 	EXP 	Created dominanceResp = Slider(__class__=<class 'psychopy.visual.slider.Slider'>, autoDraw=False, autoLog=True, borderColor=None, color=None, colorSpace='rgb', depth=-6, fillColor=None, flip=False, font='Open Sans', granularity=0.0, labelColor=None, labelHeight=0.025, labelWrapWidth=None, labels=('Very submissive', 'Neutral', 'Very dominant'), lineColor=None, markerColor=None, name='dominanceResp', opacity=None, ori=0.0, pos=array([ 0.  , -0.26]), readOnly=False, self=UNKNOWN, size=array([1.  , 0.04]), startValue=None, style='rating', styleTweaks=[], ticks=ndarray(...), units='height', win=Window(...))
25.4682 	EXP 	window1: mouseVisible = True
25.4720 	EXP 	Created nextButton = ImageStim(__class__=<class 'psychopy.visual.image.ImageStim'>, anchor=('center', 'center'), autoLog=True, color=array([1, 1, 1]), colorSpace='rgb', contrast=1.0, depth=-8.0, flipHoriz=False, flipVert=False, image='next.png', interpolate=True, mask=None, maskParams=None, name='nextButton', opacity=1.0, ori=0.0, pos=array([ 0. , -0.4]), size=array([0.15 , 0.075]), texRes=128.0, units='height', win=Window(...))
25.5215 	EXP 	Created Emotions_Mapping_Figure = ImageStim(__class__=<class 'psychopy.visual.image.ImageStim'>, anchor=('center', 'center'), autoLog=True, color=array([1, 1, 1]), colorSpace='rgb', contrast=1.0, depth=0.0, flipHoriz=False, flipVert=False, image='V-A-D to Ekman model mapping.png', interpolate=True, mask=None, maskParams=None, name='Emotions_Mapping_Figure', opacity=1.0, ori=0.0, pos=array([0.  , 0.06]), size=array([1.07117, 0.8    ]), texRes=128.0, units='height', win=Window(...))
25.5257 	EXP 	Created nextButton_3 = ImageStim(__class__=<class 'psychopy.visual.image.ImageStim'>, anchor=('center', 'center'), autoLog=True, color=array([1, 1, 1]), colorSpace='rgb', contrast=1.0, depth=-10.0, flipHoriz=False, flipVert=False, image='next.png', interpolate=True, mask=None, maskParams=None, name='nextButton_3', opacity=1.0, ori=0.0, pos=array([ 0. , -0.4]), size=array([0.15 , 0.075]), texRes=128.0, units='height', win=Window(...))
25.5258 	EXP 	window1: mouseVisible = True
25.5443 	EXP 	Created text_3 = TextStim(__class__=<class 'psychopy.visual.text.TextStim'>, alignHoriz=method-wrapper(...), alignText='center', alignVert=method-wrapper(...), anchorHoriz='center', anchorVert='center', antialias=True, autoDraw=False, autoLog=True, bold=False, color=array([1, 1, 1]), colorSpace='rgb', contrast=1.0, depth=-3.0, flipHoriz=False, flipVert=False, font='Open Sans', fontFiles=[], height=0.02, italic=False, languageStyle='LTR', name='text_3', opacity=1.0, ori=0.0, pos=array([ 0.  , -0.47]), rgb=UNKNOWN, text=str(...), units='height', win=Window(...), wrapWidth=1.7)
25.5518 	EXP 	Created interTrialPauseText = TextStim(__class__=<class 'psychopy.visual.text.TextStim'>, alignHoriz=method-wrapper(...), alignText='center', alignVert=method-wrapper(...), anchorHoriz='center', anchorVert='center', antialias=True, autoDraw=False, autoLog=True, bold=False, color=array([1, 1, 1]), colorSpace='rgb', contrast=1.0, depth=0.0, flipHoriz=False, flipVert=False, font='Open Sans', fontFiles=[], height=0.05, italic=False, languageStyle='LTR', name='interTrialPauseText', opacity=1.0, ori=0.0, pos=array([0., 0.]), rgb=UNKNOWN, text=str(...), units='height', win=Window(...), wrapWidth=1)
25.5519 	EXP 	window1: mouseVisible = True
25.5554 	EXP 	Created nextButton_R1B = ImageStim(__class__=<class 'psychopy.visual.image.ImageStim'>, anchor=('center', 'center'), autoLog=True, color=array([1, 1, 1]), colorSpace='rgb', contrast=1.0, depth=-2.0, flipHoriz=False, flipVert=False, image='next.png', interpolate=True, mask=None, maskParams=None, name='nextButton_R1B', opacity=1.0, ori=0.0, pos=array([ 0. , -0.4]), size=array([0.15 , 0.075]), texRes=128.0, units='height', win=Window(...))
25.5695 	EXP 	clickForEmotionInfo: autoLog = True
25.5695 	EXP 	valenceResp: autoLog = True
25.5695 	EXP 	valenceResp: markerPos = None
25.5695 	EXP 	valenceResp: styleTweaks = []
25.5695 	EXP 	valenceResp: styleTweaks = []
25.5695 	EXP 	valenceResp: styleTweaks = []
25.5695 	EXP 	valenceResp: styleTweaks = []
25.5695 	EXP 	valenceResp: contrast = 1.0
25.5695 	EXP 	valenceResp: autoLog = True
25.5695 	EXP 	arousalResp: autoLog = True
25.5695 	EXP 	arousalResp: markerPos = None
25.5695 	EXP 	arousalResp: styleTweaks = []
25.5695 	EXP 	arousalResp: styleTweaks = []
25.5695 	EXP 	arousalResp: styleTweaks = []
25.5695 	EXP 	arousalResp: styleTweaks = []
25.5695 	EXP 	arousalResp: contrast = 1.0
25.5695 	EXP 	arousalResp: autoLog = True
25.5695 	EXP 	dominanceResp: autoLog = True
25.5695 	EXP 	dominanceResp: markerPos = None
25.5695 	EXP 	dominanceResp: styleTweaks = []
25.5695 	EXP 	dominanceResp: styleTweaks = []
25.5695 	EXP 	dominanceResp: styleTweaks = []
25.5695 	EXP 	dominanceResp: styleTweaks = []
25.5695 	EXP 	dominanceResp: contrast = 1.0
25.5695 	EXP 	dominanceResp: autoLog = True
25.5695 	EXP 	instr_txt: autoDraw = True
25.5695 	EXP 	nextButton_instruct: autoDraw = True
26.5212 	DATA 	Mouse: Left button down, pos=(952,95)
26.5366 	EXP 	instr_txt: autoDraw = False
26.5366 	EXP 	nextButton_instruct: autoDraw = False
26.5366 	EXP 	practiceReadyTxt: autoDraw = True
26.5366 	EXP 	nextButton_R1B: autoDraw = True
26.6540 	DATA 	Mouse:  Left button up, pos=(952,95)
29.0043 	DATA 	Mouse: Left button down, pos=(962,93)
29.0102 	EXP 	Imported C:\Users\cjwin\OneDrive - Queen Mary, University of London\Documents\Music Interestingness in the Brain\Paradigm newest 07-02-23/Data/wea\practiceStimuliList.xlsx as conditions, 1 conditions, 2 params
29.0106 	EXP 	Created sequence: random, trialTypes=1, nReps=1, seed=None
29.0108 	EXP 	New trial (rep=0, index=0): {'stimuli_0': 'Data/wea/Set2-Keyb with gain applied.wav', 'trigger': 'Trigger Files/trigger_Set2-Keyb with gain applied.wav'}
29.1271 	EXP 	practiceReadyTxt: autoDraw = False
29.1271 	EXP 	nextButton_R1B: autoDraw = False
29.1271 	EXP 	valenceResp: markerPos = None
29.1271 	EXP 	valenceResp: markerPos = None
29.1271 	EXP 	arousalResp: markerPos = None
29.1271 	EXP 	arousalResp: markerPos = None
29.1271 	EXP 	dominanceResp: markerPos = None
29.1271 	EXP 	dominanceResp: markerPos = None
29.1271 	EXP 	clickForEmotionInfo: autoDraw = True
31.0037 	DATA 	Keypress: escape
31.6979 	EXP 	window1: mouseVisible = True
